[2024-05-02 20:00:37] START
[2024-05-02 20:07:53] EDIT crm/controllers/default.py: 0
[2024-05-02 20:22:47] CREATE db_crm.py: 0
[2024-05-02 20:26:46] EDIT crm/models/db_crm.py: 0
[2024-05-02 20:27:05] EDIT crm/models/db_crm.py: 0
[2024-05-02 20:49:24] EDIT crm/models/db_crm.py: 0
[2024-05-02 20:50:00] EDIT crm/models/db_crm.py: 0
[2024-05-02 20:50:18] EDIT crm/models/db_crm.py: 0
[2024-05-02 20:50:30] EDIT crm/models/db_crm.py: 0
[2024-05-02 20:54:30] EDIT crm/models/db_crm.py: 0
[2024-05-02 21:00:44] EDIT crm/models/db_crm.py: 0
[2024-05-02 21:00:51] EDIT crm/models/db_crm.py: 0
[2024-05-02 21:26:47] EDIT crm/models/db_crm.py: 0
[2024-05-02 21:28:17] EDIT crm/models/db_crm.py: 0
[2024-05-02 21:28:30] EDIT crm/models/db_crm.py: 0
[2024-05-02 21:28:47] EDIT crm/models/db_crm.py: 0
[2024-05-02 21:30:45] EDIT crm/models/db_crm.py: 0
[2024-05-02 21:30:52] EDIT crm/models/db_crm.py: 0
[2024-05-02 21:31:08] EDIT crm/models/db_crm.py: 0
[2024-05-06 13:52:06] EDIT crm/models/db_crm.py: 0
[2024-05-06 13:52:36] EDIT crm/models/db_crm.py: 0
[2024-05-06 13:59:24] EDIT crm/models/db_crm.py: 0
[2024-05-06 14:00:16] EDIT crm/models/db_crm.py: 0
[2024-05-06 14:00:26] EDIT crm/models/db_crm.py: 0
[2024-05-06 14:00:39] EDIT crm/models/db_crm.py: 0
[2024-05-06 14:00:48] EDIT crm/models/db_crm.py: 0
[2024-05-06 14:01:24] EDIT crm/models/db_crm.py: 0
[2024-05-06 14:01:24] EDIT crm/models/db_crm.py: 0
[2024-05-06 14:01:24] EDIT crm/models/db_crm.py: 0
[2024-05-06 14:01:24] EDIT crm/models/db_crm.py: 0
[2024-05-06 14:01:25] EDIT crm/models/db_crm.py: 0
[2024-05-06 14:01:25] EDIT crm/models/db_crm.py: 0
[2024-05-06 14:01:25] EDIT crm/models/db_crm.py: 0
[2024-05-06 14:01:25] EDIT crm/models/db_crm.py: 0
[2024-05-06 14:01:25] EDIT crm/models/db_crm.py: 0
[2024-05-06 14:02:09] EDIT crm/models/db_crm.py: 0
[2024-05-06 14:02:40] EDIT crm/models/db_crm.py: 0
[2024-05-06 14:02:54] EDIT crm/models/db_crm.py: 0
[2024-05-06 14:02:56] EDIT crm/models/db_crm.py: 0
[2024-05-06 14:02:56] EDIT crm/models/db_crm.py: 0
[2024-05-06 14:02:56] EDIT crm/models/db_crm.py: 0
[2024-05-06 14:02:56] EDIT crm/models/db_crm.py: 0
[2024-05-06 14:02:56] EDIT crm/models/db_crm.py: 0
[2024-05-06 14:02:56] EDIT crm/models/db_crm.py: 0
[2024-05-06 14:02:56] EDIT crm/models/db_crm.py: 0
[2024-05-06 14:02:57] EDIT crm/models/db_crm.py: 0
[2024-05-06 14:02:57] EDIT crm/models/db_crm.py: 0
[2024-05-06 14:02:57] EDIT crm/models/db_crm.py: 0
[2024-05-06 14:02:57] EDIT crm/models/db_crm.py: 0
[2024-05-06 14:02:57] EDIT crm/models/db_crm.py: 0
[2024-05-06 14:02:57] EDIT crm/models/db_crm.py: 0
[2024-05-06 14:03:01] EDIT crm/models/db_crm.py: 0
[2024-05-06 14:03:01] EDIT crm/models/db_crm.py: 0
[2024-05-06 14:03:01] EDIT crm/models/db_crm.py: 0
[2024-05-06 14:03:01] EDIT crm/models/db_crm.py: 0
[2024-05-06 14:03:01] EDIT crm/models/db_crm.py: 0
[2024-05-06 14:03:01] EDIT crm/models/db_crm.py: 0
[2024-05-06 14:03:02] EDIT crm/models/db_crm.py: 0
[2024-05-06 14:03:02] EDIT crm/models/db_crm.py: 0
[2024-05-06 14:03:02] EDIT crm/models/db_crm.py: 0
[2024-05-06 14:03:02] EDIT crm/models/db_crm.py: 0
[2024-05-06 14:03:02] EDIT crm/models/db_crm.py: 0
[2024-05-06 14:03:02] EDIT crm/models/db_crm.py: 0
[2024-05-06 14:03:02] EDIT crm/models/db_crm.py: 0
[2024-05-06 14:03:03] EDIT crm/models/db_crm.py: 0
[2024-05-06 14:03:03] EDIT crm/models/db_crm.py: 0
[2024-05-06 14:03:03] EDIT crm/models/db_crm.py: 0
[2024-05-06 14:03:03] EDIT crm/models/db_crm.py: 0
[2024-05-06 14:03:03] EDIT crm/models/db_crm.py: 0
[2024-05-06 14:03:03] EDIT crm/models/db_crm.py: 0
[2024-05-06 14:09:30] EDIT crm/views/default/index.html: -36
[2024-05-06 14:09:52] EDIT crm/controllers/default.py: 0
[2024-05-06 14:11:04] EDIT crm/views/default/index.html: -4
[2024-05-06 14:11:20] EDIT crm/controllers/default.py: 0
[2024-05-06 14:11:29] EDIT crm/controllers/default.py: 0
[2024-05-06 14:11:45] EDIT crm/controllers/default.py: 0
[2024-05-06 14:12:08] EDIT crm/controllers/default.py: 0
[2024-05-06 14:12:22] EDIT crm/controllers/default.py: 0
[2024-05-06 14:12:35] EDIT crm/controllers/default.py: 0
[2024-05-06 14:25:37] EDIT crm/views/default/index.html: 2
[2024-05-06 14:26:38] EDIT crm/views/default/index.html: 2
[2024-05-06 14:26:47] EDIT crm/views/default/index.html: -1
[2024-05-06 14:27:04] EDIT crm/views/default/index.html: 0
[2024-05-06 14:56:08] EDIT crm/models/menu.py: -60
<<<<<<< HEAD
[2024-05-07 18:15:25] EDIT crm/views/default/index.html: 0
=======
[2024-05-07 18:09:00] EDIT crm/views/default/index.html: 0
>>>>>>> 666b87ff449ab0a95416fd31b4b6d4e4187069ae
[2024-05-07 18:24:11] EDIT crm/views/default/index.html: -4
[2024-05-07 18:42:06] EDIT crm/views/default/index.html: 0
[2024-05-07 18:56:41] EDIT crm/views/default/index.html: 0
[2024-05-07 19:07:56] EDIT crm/views/default/index.html: 0
[2024-05-07 19:27:25] EDIT crm/models/db_crm.py: 5
[2024-05-07 19:27:32] EDIT crm/models/db_crm.py: 0
[2024-05-07 19:28:04] EDIT crm/models/db_crm.py: 0
[2024-05-07 19:28:21] EDIT crm/models/db_crm.py: -1
[2024-05-07 19:28:40] EDIT crm/models/db_crm.py: 1
[2024-05-07 19:34:09] EDIT crm/models/db_crm.py: 0
[2024-05-07 19:34:42] EDIT crm/models/db_crm.py: 1
[2024-05-07 19:35:22] EDIT crm/models/db_crm.py: 0
[2024-05-07 19:35:31] EDIT crm/models/db_crm.py: 0
[2024-05-07 19:40:10] EDIT crm/models/db_crm.py: 0
[2024-05-07 19:41:33] EDIT crm/models/db_crm.py: 0
[2024-05-07 19:43:02] EDIT crm/models/db_crm.py: 0
[2024-05-07 19:43:35] EDIT crm/models/db_crm.py: 0
[2024-05-07 19:46:21] EDIT crm/controllers/default.py: 4
[2024-05-07 19:47:30] EDIT crm/views/default/index.html: 2
[2024-05-07 19:50:02] EDIT crm/models/db_crm.py: 0
[2024-05-07 19:51:29] EDIT crm/models/db_crm.py: 0
[2024-05-07 19:52:01] EDIT crm/models/db_crm.py: 0
[2024-05-07 21:06:46] EDIT crm/models/db_crm.py: 0
[2024-05-07 21:07:16] EDIT crm/models/db_crm.py: 0
[2024-05-07 21:07:27] EDIT crm/models/db_crm.py: 0
[2024-05-07 21:08:43] EDIT crm/models/db_crm.py: 0
[2024-05-07 21:08:46] EDIT crm/models/db_crm.py: 0
[2024-05-07 21:26:11] EDIT crm/models/db_crm.py: 0
[2024-05-07 21:38:32] EDIT crm/models/db_crm.py: 0
[2024-05-07 21:39:33] EDIT crm/models/db_crm.py: -5
[2024-05-07 21:39:58] EDIT crm/models/db_crm.py: 0
[2024-05-07 21:53:32] EDIT crm/models/db.py: 0
[2024-05-07 21:53:51] EDIT crm/models/db_crm.py: 0
[2024-05-07 21:55:05] EDIT crm/models/db_crm.py: -5
[2024-05-07 21:55:10] EDIT crm/models/db_crm.py: 0
[2024-05-07 21:55:25] EDIT crm/models/db_crm.py: 0
[2024-05-07 21:55:27] EDIT crm/models/db_crm.py: 0
[2024-05-08 19:53:35] EDIT crm/controllers/default.py: 4
[2024-05-08 19:54:07] EDIT crm/views/default/index.html: 2
[2024-05-09 18:48:27] EDIT crm/controllers/default.py: 0
[2024-05-09 18:48:39] EDIT crm/controllers/default.py: 0
[2024-05-09 18:48:48] EDIT crm/controllers/default.py: 0
[2024-05-09 18:50:47] EDIT crm/views/default/index.html: 0
[2024-05-09 19:00:46] EDIT crm/controllers/default.py: 4
[2024-05-09 19:00:48] EDIT crm/controllers/default.py: 0
[2024-05-09 19:01:35] EDIT crm/views/default/index.html: 2
[2024-05-14 13:34:46] EDIT crm/views/default/index.html: 0
[2024-05-15 19:46:23] EDIT crm/views/layout.html: 0
[2024-05-15 19:46:44] EDIT crm/views/layout.html: 0
[2024-05-15 19:48:45] CREATE default/cannalytics.html.py: 0
[2024-05-15 19:48:53] DELETE crm/controllers/default/cannalytics.html.py: -1
[2024-05-15 19:49:11] CREATE default/cannalytics.html: 0
[2024-05-15 21:33:02] EDIT crm/views/default/index.html: -13
[2024-05-15 22:00:07] EDIT crm/views/default/cannalytics.html: -1
[2024-05-16 18:34:04] EDIT crm/views/layout.html: 21
[2024-05-16 18:44:05] EDIT crm/views/default/index.html: 0
[2024-05-16 19:37:40] CREATE default/about.html: 0
[2024-05-16 20:00:32] CREATE default/dataadmin.html: 0
[2024-05-16 20:00:56] EDIT crm/views/default/dataadmin.html: 60
[2024-05-16 20:02:29] EDIT crm/controllers/default.py: 3
[2024-05-16 20:03:20] EDIT crm/views/layout.html: 0
[2024-05-16 20:03:54] EDIT crm/views/layout.html: 1
[2024-05-20 18:28:19] EDIT crm/views/default/about.html: 26
[2024-05-20 18:30:38] EDIT crm/views/default/about.html: 7
[2024-05-20 18:34:08] EDIT crm/views/default/about.html: 0
[2024-05-20 18:34:09] EDIT crm/views/default/about.html: 0
[2024-05-20 18:35:07] EDIT crm/views/default/about.html: -1
[2024-05-20 18:35:09] EDIT crm/views/default/about.html: 0
[2024-05-20 18:52:17] EDIT crm/views/default/about.html: 2
[2024-05-20 19:15:21] EDIT crm/views/default/about.html: -33
[2024-05-20 19:24:06] EDIT crm/views/default/about.html: 24
[2024-05-20 19:26:46] EDIT crm/views/default/about.html: 5
[2024-05-20 19:29:07] EDIT crm/views/default/about.html: -1
[2024-05-20 19:30:49] EDIT crm/views/default/about.html: -1
[2024-05-20 19:31:17] EDIT crm/views/default/about.html: 0
[2024-05-20 19:31:34] EDIT crm/views/default/about.html: -1
[2024-05-20 19:33:21] EDIT crm/views/default/about.html: -1
[2024-05-20 19:33:21] EDIT crm/views/default/about.html: 0
[2024-05-20 19:34:12] EDIT crm/views/default/about.html: 1
[2024-05-20 19:36:07] EDIT crm/views/default/about.html: 5
[2024-05-20 19:44:05] EDIT crm/views/default/about.html: 1
[2024-05-20 19:44:05] EDIT crm/views/default/about.html: 0
[2024-05-20 19:45:14] EDIT crm/views/default/about.html: -8
[2024-05-20 19:46:30] EDIT crm/views/default/about.html: 6
[2024-05-20 19:49:34] EDIT crm/views/default/about.html: 12
[2024-05-20 19:49:34] EDIT crm/views/default/about.html: 0
[2024-05-20 19:52:16] EDIT crm/views/default/about.html: 1
[2024-05-20 19:52:16] EDIT crm/views/default/about.html: 0
[2024-05-20 19:52:17] EDIT crm/views/default/about.html: 0
[2024-05-20 19:52:17] EDIT crm/views/default/about.html: 0
[2024-05-20 19:55:57] EDIT crm/views/default/about.html: 0
[2024-05-20 20:00:01] EDIT crm/views/default/about.html: 0
[2024-05-20 20:00:42] EDIT crm/views/default/about.html: 0
[2024-05-20 20:02:08] EDIT crm/views/default/about.html: 0
[2024-05-20 20:02:40] EDIT crm/views/default/about.html: -1
[2024-05-20 20:03:24] EDIT crm/views/default/about.html: -2
[2024-05-20 20:04:48] EDIT crm/views/default/about.html: 0
[2024-05-20 20:04:48] EDIT crm/views/default/about.html: 0
[2024-05-20 20:05:24] EDIT crm/views/default/about.html: -1
[2024-05-20 20:05:25] EDIT crm/views/default/about.html: 0
[2024-05-20 20:06:13] EDIT crm/views/default/about.html: 0
[2024-05-20 20:06:41] EDIT crm/views/default/about.html: -1
[2024-05-20 20:07:26] EDIT crm/views/default/about.html: 1
[2024-05-20 20:11:04] EDIT crm/views/default/about.html: 0
[2024-05-20 20:18:58] EDIT crm/views/default/about.html: 3
[2024-05-20 20:18:58] EDIT crm/views/default/about.html: 0
[2024-05-20 20:19:30] EDIT crm/views/default/about.html: 0
[2024-05-20 20:19:44] EDIT crm/views/default/about.html: 1
[2024-05-20 20:19:45] EDIT crm/views/default/about.html: 0
[2024-05-21 17:56:46] EDIT crm/views/default/about.html: -25
[2024-05-21 18:08:48] EDIT crm/views/default/about.html: 15
[2024-05-21 18:09:02] EDIT crm/views/default/about.html: 0
[2024-05-21 18:11:09] EDIT crm/views/default/about.html: 1
[2024-05-21 18:13:40] EDIT crm/views/default/about.html: -3
[2024-05-21 18:13:41] EDIT crm/views/default/about.html: 0
[2024-05-21 18:14:28] EDIT crm/views/default/about.html: -21
[2024-05-21 18:17:57] EDIT crm/views/default/about.html: 18
[2024-05-21 18:17:58] EDIT crm/views/default/about.html: 0
[2024-05-21 18:17:58] EDIT crm/views/default/about.html: 0
[2024-05-21 18:18:17] EDIT crm/views/default/about.html: 0
[2024-05-21 18:18:18] EDIT crm/views/default/about.html: 0
[2024-05-21 18:19:50] EDIT crm/views/default/about.html: 6
[2024-05-21 18:19:50] EDIT crm/views/default/about.html: 0
[2024-05-21 18:21:04] EDIT crm/views/default/about.html: 5
[2024-05-21 18:21:05] EDIT crm/views/default/about.html: 0
[2024-05-21 18:22:40] EDIT crm/views/default/about.html: 0
[2024-05-21 18:22:41] EDIT crm/views/default/about.html: 0
[2024-05-21 18:25:40] EDIT crm/views/default/about.html: 0
[2024-05-21 18:28:24] EDIT crm/views/default/about.html: 0
[2024-05-21 18:28:24] EDIT crm/views/default/about.html: 0
[2024-05-21 18:28:49] EDIT crm/views/default/about.html: 0
[2024-05-21 18:31:40] EDIT crm/views/default/about.html: 10
[2024-05-21 18:31:48] EDIT crm/views/default/about.html: 0
[2024-05-21 18:33:29] EDIT crm/views/default/about.html: -10
[2024-05-21 18:33:29] EDIT crm/views/default/about.html: 0
[2024-05-21 18:37:12] EDIT crm/views/default/about.html: 2
[2024-05-21 18:37:13] EDIT crm/views/default/about.html: 0
[2024-05-21 18:39:39] EDIT crm/views/default/about.html: 0
[2024-05-21 18:39:41] EDIT crm/views/default/about.html: 0
[2024-05-21 18:51:53] EDIT crm/views/default/about.html: 0
[2024-05-21 18:51:54] EDIT crm/views/default/about.html: 0
[2024-05-21 18:53:57] EDIT crm/views/default/about.html: 0
[2024-05-21 18:53:58] EDIT crm/views/default/about.html: 0
[2024-05-21 18:58:03] EDIT crm/views/default/about.html: 3
[2024-05-21 18:59:06] EDIT crm/views/default/about.html: -3
[2024-05-21 19:02:30] EDIT crm/views/default/about.html: -4
[2024-05-21 19:04:17] EDIT crm/views/default/about.html: -1
[2024-05-21 19:04:17] EDIT crm/views/default/about.html: 0
[2024-05-21 19:05:02] EDIT crm/views/default/about.html: 0
[2024-05-21 19:05:03] EDIT crm/views/default/about.html: 0
[2024-05-21 19:06:01] EDIT crm/views/default/about.html: 0
[2024-05-21 19:06:04] EDIT crm/views/default/about.html: 0
[2024-05-21 19:06:16] EDIT crm/views/default/about.html: 0
[2024-05-21 19:06:16] EDIT crm/views/default/about.html: 0
[2024-05-21 19:07:08] EDIT crm/views/default/about.html: -39
[2024-05-21 19:07:10] EDIT crm/views/default/about.html: 0
[2024-05-21 19:13:49] EDIT crm/views/default/about.html: 32
[2024-05-21 19:16:32] EDIT crm/views/default/about.html: 0
[2024-05-21 19:20:12] EDIT crm/views/default/about.html: 2
[2024-05-21 19:20:59] EDIT crm/views/default/about.html: -2
[2024-05-21 19:21:18] EDIT crm/views/default/about.html: 0
[2024-05-21 19:21:18] EDIT crm/views/default/about.html: 0
[2024-05-21 19:24:23] EDIT crm/views/default/about.html: 0
[2024-05-21 19:24:24] EDIT crm/views/default/about.html: 0
[2024-05-21 19:30:48] EDIT crm/views/default/about.html: 0
[2024-05-21 19:35:46] EDIT crm/views/default/about.html: 0
[2024-05-21 19:35:47] EDIT crm/views/default/about.html: 0
[2024-05-21 19:36:37] EDIT crm/views/default/about.html: 0
[2024-05-21 19:36:49] EDIT crm/views/default/about.html: 0
[2024-05-21 19:38:48] EDIT crm/views/default/about.html: 0
[2024-05-21 19:39:50] EDIT crm/views/default/about.html: 0
[2024-05-21 19:40:25] EDIT crm/views/default/about.html: 0
[2024-05-21 19:40:50] EDIT crm/views/default/about.html: 0
[2024-05-21 19:41:05] EDIT crm/views/default/about.html: 0
[2024-05-21 19:41:25] EDIT crm/views/default/about.html: 0
[2024-05-21 19:45:10] EDIT crm/views/default/about.html: 0
[2024-05-21 19:47:05] EDIT crm/views/default/about.html: 0
[2024-05-21 19:47:31] EDIT crm/views/default/about.html: 0
[2024-05-21 19:51:11] EDIT crm/views/default/about.html: 2
[2024-05-21 19:51:24] EDIT crm/views/default/about.html: 0
[2024-05-21 19:52:29] EDIT crm/views/default/about.html: 0
[2024-05-21 19:52:41] EDIT crm/views/default/about.html: 0
[2024-05-21 19:55:15] EDIT crm/views/default/about.html: -1
[2024-05-21 19:56:01] EDIT crm/views/default/about.html: -34
[2024-05-21 19:56:02] EDIT crm/views/default/about.html: 0
[2024-05-21 19:56:28] EDIT crm/views/default/about.html: 34
[2024-05-21 20:03:10] EDIT crm/views/default/about.html: -1
[2024-05-21 20:03:39] EDIT crm/views/default/about.html: 0
[2024-05-21 20:05:11] EDIT crm/views/default/about.html: 0
[2024-05-21 20:08:47] EDIT crm/views/default/about.html: 2
[2024-05-21 20:08:47] EDIT crm/views/default/about.html: 0
[2024-05-21 20:08:47] EDIT crm/views/default/about.html: 0
[2024-05-21 20:09:38] EDIT crm/views/default/about.html: 0
[2024-05-21 20:11:53] EDIT crm/views/default/about.html: 0
[2024-05-21 20:12:51] EDIT crm/views/default/about.html: 0
[2024-05-21 20:12:52] EDIT crm/views/default/about.html: 0
[2024-05-21 20:18:50] EDIT crm/views/default/about.html: 0
[2024-05-21 20:18:50] EDIT crm/views/default/about.html: 0
[2024-05-23 18:01:23] EDIT crm/views/default/about.html: 0
[2024-05-23 18:37:14] EDIT crm/views/default/about.html: 38
[2024-05-23 18:39:04] EDIT crm/views/default/about.html: 0
[2024-05-23 18:40:46] EDIT crm/views/default/about.html: 0
[2024-05-23 18:40:46] EDIT crm/views/default/about.html: 0
[2024-05-23 18:42:07] EDIT crm/views/default/about.html: 0
[2024-05-23 18:42:08] EDIT crm/views/default/about.html: 0
[2024-05-23 18:42:08] EDIT crm/views/default/about.html: 0
[2024-05-23 18:44:01] EDIT crm/views/default/about.html: 0
[2024-05-23 18:44:45] EDIT crm/views/default/about.html: 0
[2024-05-23 18:47:23] EDIT crm/views/default/about.html: 3
[2024-05-23 18:51:28] EDIT crm/views/default/about.html: 0
[2024-05-23 18:51:28] EDIT crm/views/default/about.html: 0
[2024-05-23 18:51:29] EDIT crm/views/default/about.html: 0
[2024-05-23 18:51:53] EDIT crm/views/default/about.html: 0
[2024-05-23 18:54:23] EDIT crm/views/default/about.html: 0
[2024-05-23 18:54:24] EDIT crm/views/default/about.html: 0
[2024-05-23 19:00:35] EDIT crm/views/default/about.html: 0
[2024-05-23 19:01:37] EDIT crm/views/default/about.html: 0
[2024-05-23 19:08:39] EDIT crm/views/default/about.html: 0
[2024-05-23 19:08:57] EDIT crm/views/default/about.html: 0
[2024-05-23 19:08:58] EDIT crm/views/default/about.html: 0
[2024-05-23 19:23:15] EDIT crm/views/default/about.html: 3
[2024-05-23 19:23:39] EDIT crm/views/default/about.html: 0
[2024-05-23 19:23:40] EDIT crm/views/default/about.html: 0
[2024-05-23 19:26:56] EDIT crm/views/default/about.html: 0
[2024-05-23 19:28:44] EDIT crm/views/default/about.html: 0
[2024-05-23 19:29:01] EDIT crm/views/default/about.html: 0
[2024-05-23 19:29:01] EDIT crm/views/default/about.html: 0
[2024-05-23 19:30:53] EDIT crm/views/default/about.html: 0
[2024-05-23 19:42:16] EDIT crm/views/default/about.html: 0
[2024-05-23 19:42:17] EDIT crm/views/default/about.html: 0
[2024-05-23 19:45:54] EDIT crm/views/default/about.html: 0
[2024-05-23 19:45:54] EDIT crm/views/default/about.html: 0
[2024-05-23 19:50:43] EDIT crm/views/default/about.html: -3
[2024-05-23 20:00:44] EDIT crm/views/default/about.html: 22
[2024-05-23 20:00:45] EDIT crm/views/default/about.html: 0
[2024-05-23 20:01:56] EDIT crm/views/default/about.html: 0
[2024-05-23 20:02:53] EDIT crm/views/default/about.html: 0
[2024-05-23 20:02:54] EDIT crm/views/default/about.html: 0
[2024-05-23 20:04:24] EDIT crm/views/default/about.html: 1
[2024-05-23 20:04:40] EDIT crm/views/default/about.html: 0
[2024-05-23 20:04:52] EDIT crm/views/default/about.html: 0
[2024-05-23 20:06:05] EDIT crm/views/default/about.html: 0
[2024-05-23 20:06:38] EDIT crm/views/default/about.html: 0
[2024-05-23 20:06:38] EDIT crm/views/default/about.html: 0
[2024-05-23 20:07:06] EDIT crm/views/default/about.html: -1
[2024-05-23 20:09:02] EDIT crm/views/default/about.html: 0
[2024-05-23 20:09:33] EDIT crm/views/default/about.html: 0
[2024-05-23 20:12:01] EDIT crm/views/default/about.html: 2
[2024-05-23 20:12:01] EDIT crm/views/default/about.html: 0
[2024-05-23 20:12:43] EDIT crm/views/default/about.html: 0
[2024-05-23 20:13:35] EDIT crm/views/default/about.html: 0
[2024-05-23 20:13:35] EDIT crm/views/default/about.html: 0
[2024-05-23 20:15:11] EDIT crm/views/default/about.html: 0
[2024-05-23 20:16:00] EDIT crm/views/default/about.html: 0
[2024-05-23 20:16:35] EDIT crm/views/default/about.html: 0
[2024-05-23 20:18:03] EDIT crm/views/default/about.html: 0
[2024-05-23 20:18:49] EDIT crm/views/default/about.html: 0
[2024-05-23 20:18:55] EDIT crm/views/default/about.html: 0
[2024-05-23 20:18:55] EDIT crm/views/default/about.html: 0
[2024-05-23 20:20:33] EDIT crm/views/default/about.html: 0
[2024-05-23 20:22:56] EDIT crm/views/default/about.html: 0
[2024-05-23 20:23:59] EDIT crm/views/default/about.html: -1
[2024-05-23 20:28:44] EDIT crm/views/default/about.html: 9
[2024-05-23 20:28:44] EDIT crm/views/default/about.html: 0
[2024-05-23 20:32:01] EDIT crm/views/default/about.html: 0
[2024-05-23 20:32:02] EDIT crm/views/default/about.html: 0
[2024-05-23 20:33:39] EDIT crm/views/default/about.html: 0
[2024-05-23 20:33:40] EDIT crm/views/default/about.html: 0
[2024-05-23 20:35:13] EDIT crm/views/default/about.html: -5
[2024-05-23 20:35:15] EDIT crm/views/default/about.html: 0
[2024-05-23 20:35:15] EDIT crm/views/default/about.html: 0
[2024-05-23 20:38:38] EDIT crm/views/default/about.html: 0
[2024-05-23 20:38:38] EDIT crm/views/default/about.html: 0
[2024-05-23 20:41:08] EDIT crm/views/default/about.html: 0
[2024-05-23 20:42:02] EDIT crm/views/default/about.html: 5
[2024-05-23 20:42:13] EDIT crm/views/default/about.html: 0
[2024-05-23 20:44:29] EDIT crm/views/default/about.html: -2
[2024-05-23 20:44:29] EDIT crm/views/default/about.html: 0
[2024-05-23 20:45:12] EDIT crm/views/default/about.html: 0
[2024-05-23 20:45:13] EDIT crm/views/default/about.html: 0
[2024-05-23 20:46:14] EDIT crm/views/default/about.html: 0
[2024-05-23 20:46:14] EDIT crm/views/default/about.html: 0
[2024-05-23 20:52:00] EDIT crm/views/default/about.html: 8
[2024-05-23 20:58:09] EDIT crm/views/default/about.html: 10
[2024-05-23 20:58:28] EDIT crm/views/default/about.html: 0
[2024-05-23 20:58:29] EDIT crm/views/default/about.html: 0
[2024-05-23 20:58:56] EDIT crm/views/default/about.html: 0
[2024-05-23 21:00:03] EDIT crm/views/default/about.html: 0
[2024-05-23 21:02:07] EDIT crm/views/default/about.html: -4
[2024-05-23 21:02:08] EDIT crm/views/default/about.html: 0
[2024-05-23 21:02:34] EDIT crm/views/default/about.html: 0
[2024-05-23 21:03:33] EDIT crm/views/default/about.html: 0
[2024-05-23 21:06:05] EDIT crm/views/default/about.html: 0
[2024-05-23 21:07:37] EDIT crm/views/default/about.html: 4
[2024-05-23 21:07:37] EDIT crm/views/default/about.html: 0
[2024-05-23 21:08:45] EDIT crm/views/default/about.html: 0
[2024-05-23 21:08:46] EDIT crm/views/default/about.html: 0
[2024-05-23 21:09:02] EDIT crm/views/default/about.html: 0
[2024-05-23 21:11:31] EDIT crm/views/default/about.html: -1
[2024-05-23 21:11:32] EDIT crm/views/default/about.html: 0
[2024-05-23 21:12:30] EDIT crm/views/default/about.html: 0
[2024-05-23 21:12:50] EDIT crm/views/default/about.html: 0
[2024-05-23 21:13:00] EDIT crm/views/default/about.html: 0
[2024-05-23 21:13:00] EDIT crm/views/default/about.html: 0
[2024-05-23 21:13:22] EDIT crm/views/default/about.html: 0
[2024-05-23 21:13:22] EDIT crm/views/default/about.html: 0
[2024-05-23 21:14:37] EDIT crm/views/default/about.html: 0
[2024-05-23 21:14:37] EDIT crm/views/default/about.html: 0
[2024-05-23 21:14:50] EDIT crm/views/default/about.html: 0
[2024-05-23 21:15:12] EDIT crm/views/default/about.html: 0
[2024-05-23 21:15:46] EDIT crm/views/default/about.html: 0
[2024-05-23 21:16:30] EDIT crm/views/default/about.html: 0
[2024-05-23 21:16:57] EDIT crm/views/default/about.html: 0
[2024-05-23 21:18:45] EDIT crm/views/default/about.html: 2
[2024-05-23 21:19:32] EDIT crm/views/default/about.html: 0
[2024-05-23 21:19:32] EDIT crm/views/default/about.html: 0
[2024-05-23 21:19:32] EDIT crm/views/default/about.html: 0
[2024-05-23 21:24:05] EDIT crm/views/default/about.html: 0
[2024-05-23 21:26:31] EDIT crm/views/default/about.html: 0
[2024-05-23 21:26:31] EDIT crm/views/default/about.html: 0
[2024-05-23 21:27:27] EDIT crm/views/default/about.html: 0
[2024-05-23 21:31:11] EDIT crm/views/default/about.html: -1
[2024-05-23 21:31:37] EDIT crm/views/default/about.html: 1
[2024-05-23 21:31:38] EDIT crm/views/default/about.html: 0
[2024-05-23 21:32:12] EDIT crm/views/default/about.html: 0
[2024-05-23 21:32:12] EDIT crm/views/default/about.html: 0
[2024-05-23 21:36:49] EDIT crm/views/default/about.html: 0
[2024-05-23 21:36:50] EDIT crm/views/default/about.html: 0
[2024-05-23 21:37:56] EDIT crm/views/default/about.html: 0
[2024-05-23 21:38:35] EDIT crm/views/default/about.html: 0
[2024-05-23 21:38:35] EDIT crm/views/default/about.html: 0
[2024-05-23 21:39:09] EDIT crm/views/default/about.html: -2
[2024-05-23 21:39:10] EDIT crm/views/default/about.html: 0
[2024-05-23 21:41:23] EDIT crm/views/default/about.html: 5
[2024-05-23 21:42:25] EDIT crm/views/default/about.html: 0
[2024-05-23 21:42:25] EDIT crm/views/default/about.html: 0
[2024-05-23 21:43:55] EDIT crm/views/default/about.html: 1
[2024-05-23 21:44:21] EDIT crm/views/default/about.html: 0
[2024-05-23 21:44:42] EDIT crm/views/default/about.html: 0
[2024-05-23 21:44:42] EDIT crm/views/default/about.html: 0
[2024-05-23 21:45:14] EDIT crm/views/default/about.html: 0
[2024-05-23 21:45:14] EDIT crm/views/default/about.html: 0
[2024-05-23 21:45:31] EDIT crm/views/default/about.html: 0
[2024-05-23 21:45:32] EDIT crm/views/default/about.html: 0
[2024-05-23 21:46:22] EDIT crm/views/default/about.html: 0
[2024-05-23 21:46:22] EDIT crm/views/default/about.html: 0
[2024-05-23 21:47:18] EDIT crm/views/default/about.html: 0
[2024-05-23 21:50:02] EDIT crm/views/default/about.html: 0
[2024-05-23 21:50:30] EDIT crm/views/default/about.html: 0
[2024-05-23 21:51:07] EDIT crm/views/default/about.html: 0
[2024-05-23 21:52:07] EDIT crm/views/default/about.html: 1
[2024-05-23 21:52:27] EDIT crm/views/default/about.html: 0
[2024-05-23 21:52:28] EDIT crm/views/default/about.html: 0
[2024-05-23 21:53:16] EDIT crm/views/default/about.html: 0
[2024-05-23 21:53:45] EDIT crm/views/default/about.html: 0
[2024-05-23 21:54:24] EDIT crm/views/default/about.html: 0
[2024-05-23 21:55:01] EDIT crm/views/default/about.html: 0
[2024-05-23 21:55:14] EDIT crm/views/default/about.html: 0
[2024-05-23 21:55:36] EDIT crm/views/default/about.html: 0
[2024-05-23 21:55:37] EDIT crm/views/default/about.html: 0
[2024-05-23 21:55:56] EDIT crm/views/default/about.html: 0
[2024-05-23 21:56:18] EDIT crm/views/default/about.html: 0
[2024-05-23 21:57:32] EDIT crm/views/default/about.html: 0
[2024-05-23 21:57:44] EDIT crm/views/default/about.html: 0
[2024-05-23 21:57:46] EDIT crm/views/default/about.html: 0
[2024-05-23 21:58:16] EDIT crm/views/default/about.html: 1
[2024-05-23 21:58:16] EDIT crm/views/default/about.html: 0
[2024-05-23 21:59:19] EDIT crm/views/default/about.html: 0
[2024-05-23 21:59:20] EDIT crm/views/default/about.html: 0
[2024-05-23 22:00:35] EDIT crm/views/default/about.html: 0
[2024-05-23 22:00:49] EDIT crm/views/default/about.html: 0
[2024-05-23 22:01:07] EDIT crm/views/default/about.html: 0
[2024-05-23 22:01:08] EDIT crm/views/default/about.html: 0
[2024-05-23 22:01:45] EDIT crm/views/default/about.html: 0
[2024-05-23 22:04:17] EDIT crm/views/default/about.html: -1
[2024-05-23 22:04:17] EDIT crm/views/default/about.html: 0
[2024-05-23 22:04:56] EDIT crm/views/default/about.html: 0
[2024-05-23 22:04:56] EDIT crm/views/default/about.html: 0
[2024-05-23 22:05:10] EDIT crm/views/default/about.html: 0
[2024-05-23 22:05:10] EDIT crm/views/default/about.html: 0
[2024-05-23 22:07:36] EDIT crm/views/default/about.html: 1
[2024-05-23 22:07:36] EDIT crm/views/default/about.html: 0
[2024-05-23 22:10:39] EDIT crm/views/default/about.html: -3
[2024-05-23 22:10:39] EDIT crm/views/default/about.html: 0
[2024-05-23 22:11:24] EDIT crm/views/default/about.html: 0
[2024-05-23 22:11:24] EDIT crm/views/default/about.html: 0
[2024-05-23 22:14:55] EDIT crm/views/default/about.html: 0
[2024-05-23 22:15:15] EDIT crm/views/default/about.html: 0
[2024-05-23 22:15:15] EDIT crm/views/default/about.html: 0
[2024-05-23 22:22:30] EDIT crm/views/default/about.html: 3
[2024-05-23 22:27:02] EDIT crm/views/default/about.html: -2
[2024-05-23 22:27:02] EDIT crm/views/default/about.html: 0
[2024-05-23 22:28:40] EDIT crm/views/default/about.html: -1
[2024-05-23 22:28:41] EDIT crm/views/default/about.html: 0
[2024-05-23 22:31:29] EDIT crm/views/default/about.html: 3
[2024-05-23 22:31:29] EDIT crm/views/default/about.html: 0
[2024-05-23 22:34:02] EDIT crm/views/default/about.html.1: 0
[2024-05-23 22:34:49] EDIT crm/views/default/about.html.1: 0
[2024-05-23 22:34:49] EDIT crm/views/default/about.html.1: 0
[2024-05-23 22:41:27] EDIT crm/views/default/about.html: -3
[2024-05-23 22:41:27] EDIT crm/views/default/about.html: 0
[2024-05-23 22:42:57] EDIT crm/views/default/about.html: 0
[2024-05-23 22:44:14] EDIT crm/views/default/about.html: 0
[2024-05-23 22:44:14] EDIT crm/views/default/about.html: 0
[2024-05-23 22:44:26] EDIT crm/views/default/about.html: 0
[2024-05-23 22:44:26] EDIT crm/views/default/about.html: 0
[2024-05-23 22:45:07] EDIT crm/views/default/about.html: 1
[2024-05-23 22:45:22] EDIT crm/views/default/about.html: 0
[2024-05-23 22:45:28] EDIT crm/views/default/about.html: 0
[2024-05-23 22:46:03] EDIT crm/views/default/about.html: -1
[2024-05-23 22:46:03] EDIT crm/views/default/about.html: 0
[2024-05-23 22:46:20] EDIT crm/views/default/about.html: 0
[2024-05-23 22:46:20] EDIT crm/views/default/about.html: 0
[2024-05-23 22:47:01] EDIT crm/views/default/about.html: 0
[2024-05-23 22:47:01] EDIT crm/views/default/about.html: 0
[2024-05-23 22:47:11] EDIT crm/views/default/about.html: 0
[2024-05-23 22:47:11] EDIT crm/views/default/about.html: 0
[2024-05-23 22:47:31] EDIT crm/views/default/about.html: 0
[2024-05-23 22:47:44] EDIT crm/views/default/about.html: 0
[2024-05-23 22:47:44] EDIT crm/views/default/about.html: 0
[2024-05-23 22:47:58] EDIT crm/views/default/about.html: 0
[2024-05-23 22:49:12] EDIT crm/views/default/about.html: 0
[2024-05-23 22:49:12] EDIT crm/views/default/about.html: 0
[2024-05-23 22:52:24] EDIT crm/views/default/about.html: 10
[2024-05-23 22:53:23] EDIT crm/views/default/about.html: -11
[2024-05-23 22:53:24] EDIT crm/views/default/about.html: 0
[2024-05-23 23:01:33] EDIT crm/views/default/about.html: 4
[2024-05-23 23:01:33] EDIT crm/views/default/about.html: 0
[2024-05-23 23:02:49] EDIT crm/views/default/about.html: 0
[2024-05-23 23:02:57] EDIT crm/views/default/about.html: 0
[2024-05-23 23:03:07] EDIT crm/views/default/about.html: 0
[2024-05-23 23:03:20] EDIT crm/views/default/about.html: 0
[2024-05-23 23:03:49] EDIT crm/views/default/about.html: 0
[2024-05-23 23:10:26] EDIT crm/views/default/about.html: 12
[2024-05-23 23:12:37] EDIT crm/views/default/about.html: 0
[2024-05-23 23:12:37] EDIT crm/views/default/about.html: 0
[2024-05-23 23:13:10] EDIT crm/views/default/about.html: 1
[2024-05-23 23:14:35] EDIT crm/views/default/about.html: 0
[2024-05-23 23:14:35] EDIT crm/views/default/about.html: 0
[2024-05-23 23:15:14] EDIT crm/views/default/about.html: 0
[2024-05-23 23:16:02] EDIT crm/views/default/about.html: 0
[2024-05-23 23:18:22] EDIT crm/views/default/about.html: 0
[2024-05-23 23:19:22] EDIT crm/views/default/about.html: 0
[2024-05-23 23:20:16] EDIT crm/views/default/about.html: 0
[2024-05-23 23:21:08] EDIT crm/views/default/about.html: 0
[2024-05-23 23:25:18] EDIT crm/views/default/about.html: 1
[2024-05-23 23:25:19] EDIT crm/views/default/about.html: 0
[2024-05-23 23:28:27] EDIT crm/views/default/about.html: 0
[2024-05-23 23:28:36] EDIT crm/views/default/about.html: 0
[2024-05-23 23:28:36] EDIT crm/views/default/about.html: 0
[2024-05-23 23:29:02] EDIT crm/views/default/about.html: -1
[2024-05-23 23:32:49] EDIT crm/views/default/about.html: 0
[2024-05-23 23:32:50] EDIT crm/views/default/about.html: 0
[2024-05-23 23:38:02] EDIT crm/views/default/about.html.1: 0
[2024-05-23 23:38:02] EDIT crm/views/default/about.html.1: 0
[2024-05-23 23:38:12] EDIT crm/views/default/about.html.1: 0
[2024-05-23 23:38:13] EDIT crm/views/default/about.html.1: 0
[2024-05-23 23:39:31] EDIT crm/views/default/about.html.1: 0
[2024-05-23 23:39:32] EDIT crm/views/default/about.html.1: 0
[2024-05-23 23:40:44] EDIT crm/views/default/about.html: 0
[2024-05-23 23:41:39] EDIT crm/views/default/about.html: 0
[2024-05-23 23:41:40] EDIT crm/views/default/about.html: 0
[2024-05-23 23:41:58] EDIT crm/views/default/about.html.1: 0
[2024-05-23 23:41:59] EDIT crm/views/default/about.html.1: 0
[2024-05-23 23:44:13] EDIT crm/views/default/about.html: 0
[2024-05-23 23:44:48] EDIT crm/views/default/about.html: 0
[2024-05-23 23:45:10] EDIT crm/views/default/about.html: 0
[2024-05-23 23:45:10] EDIT crm/views/default/about.html: 0
[2024-05-23 23:45:24] EDIT crm/views/default/about.html: 0
[2024-05-23 23:45:58] EDIT crm/views/default/about.html: 0
[2024-05-23 23:46:30] EDIT crm/views/default/about.html: 0
[2024-05-23 23:46:30] EDIT crm/views/default/about.html: 0
[2024-05-23 23:46:53] EDIT crm/views/default/about.html: 0
[2024-05-23 23:51:18] EDIT crm/views/default/about.html: 1
[2024-05-23 23:51:18] EDIT crm/views/default/about.html: 0
[2024-05-23 23:51:55] EDIT crm/views/default/about.html: -2
[2024-05-23 23:53:39] EDIT crm/views/default/about.html: 0
[2024-05-23 23:54:28] EDIT crm/views/default/about.html: 0
[2024-05-24 00:03:14] EDIT crm/views/default/about.html: 17
[2024-05-24 00:03:14] EDIT crm/views/default/about.html: 0
[2024-05-24 00:04:10] EDIT crm/views/default/about.html: 0
[2024-05-24 00:04:10] EDIT crm/views/default/about.html: 0
[2024-05-24 00:06:29] EDIT crm/views/default/about.html: 14
[2024-05-24 00:06:30] EDIT crm/views/default/about.html: 0
