timestamp: 2024-05-08T19:28:45.190711
CREATE TABLE "auth_user"(
    "id" INTEGER PRIMARY KEY AUTOINCREMENT,
    "first_name" CHAR(128),
    "last_name" CHAR(128),
    "email" CHAR(512),
    "password" CHAR(512),
    "registration_key" CHAR(512),
    "reset_password_key" CHAR(512),
    "registration_id" CHAR(512)
);
success!
timestamp: 2024-05-08T19:28:45.195777
CREATE TABLE "auth_group"(
    "id" INTEGER PRIMARY KEY AUTOINCREMENT,
    "role" CHAR(512),
    "description" TEXT
);
success!
timestamp: 2024-05-08T19:28:45.200281
CREATE TABLE "auth_membership"(
    "id" INTEGER PRIMARY KEY AUTOINCREMENT,
    "user_id" INTEGER REFERENCES "auth_user" ("id") ON DELETE CASCADE ON UPDATE CASCADE  ,
    "group_id" INTEGER REFERENCES "auth_group" ("id") ON DELETE CASCADE ON UPDATE CASCADE  
);
success!
timestamp: 2024-05-08T19:28:45.204807
CREATE TABLE "auth_permission"(
    "id" INTEGER PRIMARY KEY AUTOINCREMENT,
    "group_id" INTEGER REFERENCES "auth_group" ("id") ON DELETE CASCADE ON UPDATE CASCADE  ,
    "name" CHAR(512),
    "table_name" CHAR(512),
    "record_id" INTEGER
);
success!
timestamp: 2024-05-08T19:28:45.209270
CREATE TABLE "auth_event"(
    "id" INTEGER PRIMARY KEY AUTOINCREMENT,
    "time_stamp" TIMESTAMP,
    "client_ip" CHAR(512),
    "user_id" INTEGER REFERENCES "auth_user" ("id") ON DELETE CASCADE ON UPDATE CASCADE  ,
    "origin" CHAR(512),
    "description" TEXT
);
success!
timestamp: 2024-05-08T19:28:45.213275
CREATE TABLE "auth_cas"(
    "id" INTEGER PRIMARY KEY AUTOINCREMENT,
    "user_id" INTEGER REFERENCES "auth_user" ("id") ON DELETE CASCADE ON UPDATE CASCADE  ,
    "created_on" TIMESTAMP,
    "service" CHAR(512),
    "ticket" CHAR(512),
    "renew" CHAR(1)
);
success!
timestamp: 2024-05-08T19:28:45.216882
CREATE TABLE "states"(
    "id" INTEGER PRIMARY KEY AUTOINCREMENT,
    "state_name" CHAR(512) NOT NULL
);
success!
timestamp: 2024-05-08T19:28:45.236248
CREATE TABLE "companies"(
    "id" INTEGER PRIMARY KEY AUTOINCREMENT,
    "company_name" CHAR(512) NOT NULL,
    "city" CHAR(512) NOT NULL,
    "state_name" INTEGER REFERENCES "states" ("id") ON DELETE CASCADE ON UPDATE CASCADE  NOT NULL ,
    "zip_code" CHAR(512),
    "industry" CHAR(512),
    "website" CHAR(512),
    "linkedin" CHAR(512),
    "phone_number" CHAR(512)
);
success!
timestamp: 2024-05-08T19:28:45.240329
CREATE TABLE "persons"(
    "id" INTEGER PRIMARY KEY AUTOINCREMENT,
    "company_id" INTEGER REFERENCES "companies" ("id") ON DELETE CASCADE ON UPDATE CASCADE  ,
    "first_name" CHAR(512) NOT NULL,
    "last_name" CHAR(512) NOT NULL,
    "title" CHAR(512),
    "work_phone" CHAR(512),
    "cell_phone" CHAR(512),
    "email" CHAR(512),
    "birthday" CHAR(512),
    "person_type" CHAR(512),
    "comments" TEXT,
    "created_by" INTEGER REFERENCES "auth_user" ("id") ON DELETE CASCADE ON UPDATE CASCADE  ,
    "created_on" TIMESTAMP
);
success!
timestamp: 2024-05-08T19:28:45.243305
CREATE TABLE "events"(
    "id" INTEGER PRIMARY KEY AUTOINCREMENT,
    "user_id" INTEGER REFERENCES "auth_user" ("id") ON DELETE CASCADE ON UPDATE CASCADE  ,
    "person_id" INTEGER REFERENCES "persons" ("id") ON DELETE CASCADE ON UPDATE CASCADE  ,
    "comm_type" CHAR(512),
    "event_datetime" TIMESTAMP,
    "status" CHAR(512),
    "event_type" CHAR(512),
    "comments" TEXT
);
success!
timestamp: 2024-05-08T19:55:00.681589
CREATE TABLE "products"(
    "id" INTEGER PRIMARY KEY AUTOINCREMENT,
    "product_name" CHAR(512) NOT NULL,
    "category" CHAR(512),
    "description" TEXT,
    "thc_content" DOUBLE,
    "cbd_content" DOUBLE,
    "price" DOUBLE,
    "stock_quantity" INTEGER,
    "supplier" CHAR(512) NOT NULL,
    "created_by" INTEGER REFERENCES "auth_user" ("id") ON DELETE CASCADE ON UPDATE CASCADE  ,
    "created_on" TIMESTAMP
);
success!
